Determining if the pthread_create exist failed with the following output:
Change Dir: /home/andrew/NCRL/AprilTag_Localization/build/CMakeFiles/CMakeTmp

Run Build Command:"/usr/bin/make" "cmTC_b5c99/fast"
/usr/bin/make -f CMakeFiles/cmTC_b5c99.dir/build.make CMakeFiles/cmTC_b5c99.dir/build
make[1]: Entering directory '/home/andrew/NCRL/AprilTag_Localization/build/CMakeFiles/CMakeTmp'
Building C object CMakeFiles/cmTC_b5c99.dir/CheckSymbolExists.c.o
/usr/bin/cc    -o CMakeFiles/cmTC_b5c99.dir/CheckSymbolExists.c.o   -c /home/andrew/NCRL/AprilTag_Localization/build/CMakeFiles/CMakeTmp/CheckSymbolExists.c
Linking C executable cmTC_b5c99
/usr/bin/cmake -E cmake_link_script CMakeFiles/cmTC_b5c99.dir/link.txt --verbose=1
/usr/bin/cc      -rdynamic CMakeFiles/cmTC_b5c99.dir/CheckSymbolExists.c.o  -o cmTC_b5c99 
CMakeFiles/cmTC_b5c99.dir/CheckSymbolExists.c.o: In function `main':
CheckSymbolExists.c:(.text+0x1b): undefined reference to `pthread_create'
collect2: error: ld returned 1 exit status
CMakeFiles/cmTC_b5c99.dir/build.make:97: recipe for target 'cmTC_b5c99' failed
make[1]: *** [cmTC_b5c99] Error 1
make[1]: Leaving directory '/home/andrew/NCRL/AprilTag_Localization/build/CMakeFiles/CMakeTmp'
Makefile:126: recipe for target 'cmTC_b5c99/fast' failed
make: *** [cmTC_b5c99/fast] Error 2

File /home/andrew/NCRL/AprilTag_Localization/build/CMakeFiles/CMakeTmp/CheckSymbolExists.c:
/* */
#include <pthread.h>

int main(int argc, char** argv)
{
  (void)argv;
#ifndef pthread_create
  return ((int*)(&pthread_create))[argc];
#else
  (void)argc;
  return 0;
#endif
}

Determining if the function pthread_create exists in the pthreads failed with the following output:
Change Dir: /home/andrew/NCRL/AprilTag_Localization/build/CMakeFiles/CMakeTmp

Run Build Command:"/usr/bin/make" "cmTC_27f88/fast"
/usr/bin/make -f CMakeFiles/cmTC_27f88.dir/build.make CMakeFiles/cmTC_27f88.dir/build
make[1]: Entering directory '/home/andrew/NCRL/AprilTag_Localization/build/CMakeFiles/CMakeTmp'
Building C object CMakeFiles/cmTC_27f88.dir/CheckFunctionExists.c.o
/usr/bin/cc   -DCHECK_FUNCTION_EXISTS=pthread_create   -o CMakeFiles/cmTC_27f88.dir/CheckFunctionExists.c.o   -c /usr/share/cmake-3.10/Modules/CheckFunctionExists.c
Linking C executable cmTC_27f88
/usr/bin/cmake -E cmake_link_script CMakeFiles/cmTC_27f88.dir/link.txt --verbose=1
/usr/bin/cc  -DCHECK_FUNCTION_EXISTS=pthread_create    -rdynamic CMakeFiles/cmTC_27f88.dir/CheckFunctionExists.c.o  -o cmTC_27f88 -lpthreads 
/usr/bin/ld: cannot find -lpthreads
collect2: error: ld returned 1 exit status
CMakeFiles/cmTC_27f88.dir/build.make:97: recipe for target 'cmTC_27f88' failed
make[1]: *** [cmTC_27f88] Error 1
make[1]: Leaving directory '/home/andrew/NCRL/AprilTag_Localization/build/CMakeFiles/CMakeTmp'
Makefile:126: recipe for target 'cmTC_27f88/fast' failed
make: *** [cmTC_27f88/fast] Error 2


